<?xml version="1.0" encoding="UTF-8"?>
<testng-results ignored="0" total="2" passed="2" failed="0" skipped="0">
  <reporter-output>
  </reporter-output>
  <suite started-at="2021-11-14T11:57:10 PST" name="Suite" finished-at="2021-11-14T11:57:33 PST" duration-ms="22776">
    <groups>
    </groups>
    <test started-at="2021-11-14T11:57:10 PST" name="Test" finished-at="2021-11-14T11:57:33 PST" duration-ms="22776">
      <class name="TeladocProject.UserMaintenance.UserMain">
        <test-method signature="createUser()[pri:0, instance:TeladocProject.UserMaintenance.UserMain@21de60b4]" started-at="2021-11-14T11:57:10 PST" name="createUser" finished-at="2021-11-14T11:57:28 PST" duration-ms="17794" status="PASS">
          <reporter-output>
          </reporter-output>
        </test-method> <!-- createUser -->
        <test-method signature="deleteuser()[pri:0, instance:TeladocProject.UserMaintenance.UserMain@21de60b4]" started-at="2021-11-14T11:57:28 PST" name="deleteuser" finished-at="2021-11-14T11:57:33 PST" duration-ms="4928" status="PASS">
          <reporter-output>
          </reporter-output>
        </test-method> <!-- deleteuser -->
      </class> <!-- TeladocProject.UserMaintenance.UserMain -->
    </test> <!-- Test -->
  </suite> <!-- Suite -->
</testng-results>
