<?xml version="1.0" encoding="UTF-8"?>
<testng-results ignored="0" total="2" passed="2" failed="0" skipped="0">
  <reporter-output>
  </reporter-output>
  <suite started-at="2021-11-15T11:42:13 PST" name="Suite" finished-at="2021-11-15T11:42:24 PST" duration-ms="10399">
    <groups>
    </groups>
    <test started-at="2021-11-15T11:42:13 PST" name="Test" finished-at="2021-11-15T11:42:24 PST" duration-ms="10399">
      <class name="TeladocProject.UserMaintenance.UserMainTest">
        <test-method signature="createUser()[pri:0, instance:TeladocProject.UserMaintenance.UserMainTest@21de60b4]" started-at="2021-11-15T11:42:13 PST" name="createUser" finished-at="2021-11-15T11:42:20 PST" duration-ms="6225" status="PASS">
          <reporter-output>
          </reporter-output>
        </test-method> <!-- createUser -->
        <test-method signature="deleteuser()[pri:0, instance:TeladocProject.UserMaintenance.UserMainTest@21de60b4]" started-at="2021-11-15T11:42:20 PST" name="deleteuser" finished-at="2021-11-15T11:42:24 PST" duration-ms="4131" status="PASS">
          <reporter-output>
          </reporter-output>
        </test-method> <!-- deleteuser -->
      </class> <!-- TeladocProject.UserMaintenance.UserMainTest -->
    </test> <!-- Test -->
  </suite> <!-- Suite -->
</testng-results>
